{"level":"error","message":"Login error: [{}]","timestamp":"2025-04-23 16:26:39"}
{"level":"error","message":"Login error: [{}]","timestamp":"2025-04-23 16:26:40"}
{"level":"error","message":"Login error: [{}]","timestamp":"2025-04-23 16:26:40"}
{"level":"error","message":"Login error: [{}]","timestamp":"2025-04-23 16:26:41"}
{"level":"error","message":"Login error: [{}]","timestamp":"2025-04-23 16:26:41"}
{"level":"error","message":"Login error: [{}]","timestamp":"2025-04-23 16:26:41"}
{"level":"error","message":"Login error: [{}]","timestamp":"2025-04-23 16:26:41"}
{"level":"error","message":"Login error: [{}]","timestamp":"2025-04-23 16:26:42"}
{"level":"error","message":"Login error: [{}]","timestamp":"2025-04-23 16:26:42"}
{"level":"error","message":"Login error: [{}]","timestamp":"2025-04-23 16:26:42"}
{"level":"error","message":"Login error: [{}]","timestamp":"2025-04-23 16:26:43"}
{"level":"error","message":"Login error: [{}]","timestamp":"2025-04-23 16:26:43"}
{"level":"error","message":"Login error: [{}]","timestamp":"2025-04-23 16:26:43"}
{"level":"error","message":"Login error: [{}]","timestamp":"2025-04-23 16:26:44"}
{"level":"error","message":"Login error: [{}]","timestamp":"2025-04-23 16:27:33"}
{"level":"error","message":"Login error: [{}]","timestamp":"2025-04-23 16:27:34"}
{"level":"error","message":"Login error: [{}]","timestamp":"2025-04-23 16:27:34"}
{"level":"error","message":"Login error: [{}]","timestamp":"2025-04-23 16:27:34"}
{"level":"error","message":"Error changing password for user user-id-123: Error: Current password and new password are required","timestamp":"2025-04-23 16:40:23"}
{"level":"error","message":"Error changing password for user user-id-123: Error: Current password and new password are required","timestamp":"2025-04-23 16:40:23"}
{"level":"error","message":"Login error: [{}]","timestamp":"2025-04-23 16:40:24"}
{"level":"error","message":"Login error: [{}]","timestamp":"2025-04-23 16:40:24"}
{"level":"error","message":"Token refresh error: [{}]","timestamp":"2025-04-23 16:40:24"}
{"level":"error","message":"Token refresh error: [{}]","timestamp":"2025-04-23 16:40:24"}
{"level":"error","message":"Password reset initiation error: [{}]","timestamp":"2025-04-23 16:40:24"}
{"level":"error","message":"Error changing password for user user-id-123: Error: Current password and new password are required","timestamp":"2025-04-23 16:41:26"}
{"level":"error","message":"Error changing password for user user-id-123: Error: Current password and new password are required","timestamp":"2025-04-23 16:41:26"}
{"level":"error","message":"Login error: [{}]","timestamp":"2025-04-24 09:08:15"}
{"level":"error","message":"Login error: [{}]","timestamp":"2025-04-24 09:08:16"}
{"level":"error","message":"Login error: [{}]","timestamp":"2025-04-24 09:08:17"}
{"level":"error","message":"Login error: [{}]","timestamp":"2025-04-24 09:08:17"}
{"level":"error","message":"Login error: [{}]","timestamp":"2025-04-24 09:08:17"}
{"level":"error","message":"Login error: [{}]","timestamp":"2025-04-24 09:08:17"}
{"level":"error","message":"Login error: [{}]","timestamp":"2025-04-24 09:08:18"}
{"level":"error","message":"Login error: [{}]","timestamp":"2025-04-24 09:08:18"}
{"level":"error","message":"Login error: [{}]","timestamp":"2025-04-24 09:08:19"}
{"level":"error","message":"Login error: [{}]","timestamp":"2025-04-24 09:08:19"}
{"level":"error","message":"Login error: [{}]","timestamp":"2025-04-24 09:08:19"}
{"level":"error","message":"Login error: [{}]","timestamp":"2025-04-24 09:08:25"}
{"level":"error","message":"Login error: [{}]","timestamp":"2025-04-24 09:08:26"}
{"level":"error","message":"Login error: [{}]","timestamp":"2025-04-24 09:08:27"}
{"level":"error","message":"Login error: [{}]","timestamp":"2025-04-24 09:08:27"}
{"level":"error","message":"Login error: [{}]","timestamp":"2025-04-24 09:08:27"}
{"level":"error","message":"Login error: [{}]","timestamp":"2025-04-24 09:08:36"}
{"level":"error","message":"Login error: [{}]","timestamp":"2025-04-24 09:08:37"}
{"level":"error","message":"Login error: [{}]","timestamp":"2025-04-24 09:08:37"}
{"level":"error","message":"Login error: [{}]","timestamp":"2025-04-24 09:08:37"}
{"level":"error","message":"Login error: [{}]","timestamp":"2025-04-24 09:08:38"}
{"level":"error","message":"Login error: [{}]","timestamp":"2025-04-24 09:08:38"}
{"level":"error","message":"Login error: [{}]","timestamp":"2025-04-24 09:08:39"}
{"level":"error","message":"Login error: [{}]","timestamp":"2025-04-24 09:08:39"}
{"level":"error","message":"Login error: [{}]","timestamp":"2025-04-24 09:08:40"}
{"level":"error","message":"Error retrieving user by ID non-existent-id: Error: User not found","timestamp":"2025-04-24 09:30:39"}
{"level":"error","message":"Error retrieving user by email nonexistent@example.com: Error: User not found","timestamp":"2025-04-24 09:30:39"}
{"level":"error","message":"Error updating user user-id-123: Error: Email is already in use","timestamp":"2025-04-24 09:30:39"}
{"level":"error","message":"Error updating user user-id-123: Error: National register number is already in use","timestamp":"2025-04-24 09:30:39"}
{"level":"error","message":"Error updating user target-user-id: Error: Unauthorized to update this user","timestamp":"2025-04-24 09:30:39"}
{"level":"error","message":"Error changing password for user user-id-123: Error: Current password is incorrect","timestamp":"2025-04-24 09:30:39"}
{"level":"error","message":"Error changing password for user user-id-123: Error: New password must be different from current password","timestamp":"2025-04-24 09:30:39"}
{"level":"error","message":"Error changing password for user user-id-123: Error: Current password and new password are required","timestamp":"2025-04-24 09:30:39"}
{"level":"error","message":"Error changing password for user user-id-123: Error: Current password and new password are required","timestamp":"2025-04-24 09:30:39"}
{"level":"error","message":"Error changing password for user non-existent-id: Error: User not found","timestamp":"2025-04-24 09:30:39"}
{"level":"error","message":"Error deleting user non-existent-id: Error: User not found","timestamp":"2025-04-24 09:30:39"}
{"level":"error","message":"Error deleting user target-user-id: Error: Unauthorized to delete this user","timestamp":"2025-04-24 09:30:39"}
{"level":"error","message":"Error retrieving user by ID non-existent-id: Error: User not found","timestamp":"2025-04-24 09:31:46"}
{"level":"error","message":"Error retrieving user by email nonexistent@example.com: Error: User not found","timestamp":"2025-04-24 09:31:46"}
{"level":"error","message":"Error updating user user-id-123: Error: Email is already in use","timestamp":"2025-04-24 09:31:46"}
{"level":"error","message":"Error updating user user-id-123: Error: National register number is already in use","timestamp":"2025-04-24 09:31:46"}
{"level":"error","message":"Error updating user target-user-id: Error: Unauthorized to update this user","timestamp":"2025-04-24 09:31:46"}
{"level":"error","message":"Error changing password for user user-id-123: Error: Current password is incorrect","timestamp":"2025-04-24 09:31:46"}
{"level":"error","message":"Error changing password for user user-id-123: Error: New password must be different from current password","timestamp":"2025-04-24 09:31:46"}
{"level":"error","message":"Error changing password for user user-id-123: Error: Current password and new password are required","timestamp":"2025-04-24 09:31:46"}
{"level":"error","message":"Error changing password for user user-id-123: Error: Current password and new password are required","timestamp":"2025-04-24 09:31:46"}
{"level":"error","message":"Error changing password for user non-existent-id: Error: User not found","timestamp":"2025-04-24 09:31:46"}
{"level":"error","message":"Error deleting user non-existent-id: Error: User not found","timestamp":"2025-04-24 09:31:46"}
{"level":"error","message":"Error deleting user target-user-id: Error: Unauthorized to delete this user","timestamp":"2025-04-24 09:31:46"}
{"level":"error","message":"Login error: [{\"name\":\"PrismaClientKnownRequestError\",\"code\":\"P2021\",\"clientVersion\":\"5.22.0\",\"meta\":{\"modelName\":\"User\",\"table\":\"public.User\"}}]","timestamp":"2025-04-24 07:39:34"}
{"level":"error","message":"Login error: [{\"name\":\"PrismaClientKnownRequestError\",\"code\":\"P2021\",\"clientVersion\":\"5.22.0\",\"meta\":{\"modelName\":\"User\",\"table\":\"public.User\"}}]","timestamp":"2025-04-24 07:39:35"}
{"level":"error","message":"Login error: [{\"name\":\"PrismaClientKnownRequestError\",\"code\":\"P2021\",\"clientVersion\":\"5.22.0\",\"meta\":{\"modelName\":\"User\",\"table\":\"public.User\"}}]","timestamp":"2025-04-24 07:39:35"}
{"level":"error","message":"Login error: [{\"name\":\"PrismaClientKnownRequestError\",\"code\":\"P2021\",\"clientVersion\":\"5.22.0\",\"meta\":{\"modelName\":\"User\",\"table\":\"public.User\"}}]","timestamp":"2025-04-24 07:39:36"}
{"level":"error","message":"Login error: [{\"name\":\"PrismaClientKnownRequestError\",\"code\":\"P2021\",\"clientVersion\":\"5.22.0\",\"meta\":{\"modelName\":\"User\",\"table\":\"public.User\"}}]","timestamp":"2025-04-24 07:39:36"}
{"level":"error","message":"Login error: [{\"name\":\"PrismaClientKnownRequestError\",\"code\":\"P2021\",\"clientVersion\":\"5.22.0\",\"meta\":{\"modelName\":\"User\",\"table\":\"public.User\"}}]","timestamp":"2025-04-24 07:39:37"}
{"level":"error","message":"Login error: [{\"name\":\"PrismaClientKnownRequestError\",\"code\":\"P2021\",\"clientVersion\":\"5.22.0\",\"meta\":{\"modelName\":\"User\",\"table\":\"public.User\"}}]","timestamp":"2025-04-24 07:39:47"}
{"level":"error","message":"Login error: [{\"name\":\"PrismaClientKnownRequestError\",\"code\":\"P2021\",\"clientVersion\":\"5.22.0\",\"meta\":{\"modelName\":\"User\",\"table\":\"public.User\"}}]","timestamp":"2025-04-24 07:39:48"}
{"level":"error","message":"Registration error: \nInvalid `prisma_1.default.user.findUnique()` invocation in\n/app/dist/services/user.service.js:74:54\n\n  71 // Normaliser l'email (minuscules, sans espaces)\n  72 data.email = data.email.toLowerCase().trim();\n  73 // Vérifier si l'email existe déjà\n→ 74 const existingUser = await prisma_1.default.user.findUnique(\nThe table `public.User` does not exist in the current database. [{\"name\":\"PrismaClientKnownRequestError\",\"code\":\"P2021\",\"clientVersion\":\"5.22.0\",\"meta\":{\"modelName\":\"User\",\"table\":\"public.User\"}}]","timestamp":"2025-04-24 07:40:24"}
{"level":"error","message":"Registration error: \nInvalid `prisma_1.default.user.findUnique()` invocation in\n/app/dist/services/user.service.js:74:54\n\n  71 // Normaliser l'email (minuscules, sans espaces)\n  72 data.email = data.email.toLowerCase().trim();\n  73 // Vérifier si l'email existe déjà\n→ 74 const existingUser = await prisma_1.default.user.findUnique(\nThe table `public.User` does not exist in the current database. [{\"name\":\"PrismaClientKnownRequestError\",\"code\":\"P2021\",\"clientVersion\":\"5.22.0\",\"meta\":{\"modelName\":\"User\",\"table\":\"public.User\"}}]","timestamp":"2025-04-24 07:40:29"}
{"level":"error","message":"Registration error: \nInvalid `prisma_1.default.user.findUnique()` invocation in\n/app/dist/services/user.service.js:74:54\n\n  71 // Normaliser l'email (minuscules, sans espaces)\n  72 data.email = data.email.toLowerCase().trim();\n  73 // Vérifier si l'email existe déjà\n→ 74 const existingUser = await prisma_1.default.user.findUnique(\nThe table `public.User` does not exist in the current database. [{\"name\":\"PrismaClientKnownRequestError\",\"code\":\"P2021\",\"clientVersion\":\"5.22.0\",\"meta\":{\"modelName\":\"User\",\"table\":\"public.User\"}}]","timestamp":"2025-04-24 07:40:30"}
{"level":"error","message":"Registration error: \nInvalid `prisma_1.default.user.findUnique()` invocation in\n/app/dist/services/user.service.js:74:54\n\n  71 // Normaliser l'email (minuscules, sans espaces)\n  72 data.email = data.email.toLowerCase().trim();\n  73 // Vérifier si l'email existe déjà\n→ 74 const existingUser = await prisma_1.default.user.findUnique(\nThe table `public.User` does not exist in the current database. [{\"name\":\"PrismaClientKnownRequestError\",\"code\":\"P2021\",\"clientVersion\":\"5.22.0\",\"meta\":{\"modelName\":\"User\",\"table\":\"public.User\"}}]","timestamp":"2025-04-24 07:40:30"}
{"level":"error","message":"Registration error: \nInvalid `prisma_1.default.user.findUnique()` invocation in\n/app/dist/services/user.service.js:74:54\n\n  71 // Normaliser l'email (minuscules, sans espaces)\n  72 data.email = data.email.toLowerCase().trim();\n  73 // Vérifier si l'email existe déjà\n→ 74 const existingUser = await prisma_1.default.user.findUnique(\nThe table `public.User` does not exist in the current database. [{\"name\":\"PrismaClientKnownRequestError\",\"code\":\"P2021\",\"clientVersion\":\"5.22.0\",\"meta\":{\"modelName\":\"User\",\"table\":\"public.User\"}}]","timestamp":"2025-04-24 07:40:30"}
{"level":"error","message":"Registration error: \nInvalid `prisma_1.default.user.findUnique()` invocation in\n/app/dist/services/user.service.js:74:54\n\n  71 // Normaliser l'email (minuscules, sans espaces)\n  72 data.email = data.email.toLowerCase().trim();\n  73 // Vérifier si l'email existe déjà\n→ 74 const existingUser = await prisma_1.default.user.findUnique(\nThe table `public.User` does not exist in the current database. [{\"name\":\"PrismaClientKnownRequestError\",\"code\":\"P2021\",\"clientVersion\":\"5.22.0\",\"meta\":{\"modelName\":\"User\",\"table\":\"public.User\"}}]","timestamp":"2025-04-24 07:40:36"}
{"level":"error","message":"Registration error: \nInvalid `prisma_1.default.user.findUnique()` invocation in\n/app/dist/services/user.service.js:74:54\n\n  71 // Normaliser l'email (minuscules, sans espaces)\n  72 data.email = data.email.toLowerCase().trim();\n  73 // Vérifier si l'email existe déjà\n→ 74 const existingUser = await prisma_1.default.user.findUnique(\nThe table `public.User` does not exist in the current database. [{\"name\":\"PrismaClientKnownRequestError\",\"code\":\"P2021\",\"clientVersion\":\"5.22.0\",\"meta\":{\"modelName\":\"User\",\"table\":\"public.User\"}}]","timestamp":"2025-04-24 07:40:37"}
{"level":"error","message":"Registration error: \nInvalid `prisma_1.default.user.findUnique()` invocation in\n/app/dist/services/user.service.js:74:54\n\n  71 // Normaliser l'email (minuscules, sans espaces)\n  72 data.email = data.email.toLowerCase().trim();\n  73 // Vérifier si l'email existe déjà\n→ 74 const existingUser = await prisma_1.default.user.findUnique(\nThe table `public.User` does not exist in the current database. [{\"name\":\"PrismaClientKnownRequestError\",\"code\":\"P2021\",\"clientVersion\":\"5.22.0\",\"meta\":{\"modelName\":\"User\",\"table\":\"public.User\"}}]","timestamp":"2025-04-24 07:40:37"}
{"level":"error","message":"Registration error: \nInvalid `prisma_1.default.user.findUnique()` invocation in\n/app/dist/services/user.service.js:74:54\n\n  71 // Normaliser l'email (minuscules, sans espaces)\n  72 data.email = data.email.toLowerCase().trim();\n  73 // Vérifier si l'email existe déjà\n→ 74 const existingUser = await prisma_1.default.user.findUnique(\nThe table `public.User` does not exist in the current database. [{\"name\":\"PrismaClientKnownRequestError\",\"code\":\"P2021\",\"clientVersion\":\"5.22.0\",\"meta\":{\"modelName\":\"User\",\"table\":\"public.User\"}}]","timestamp":"2025-04-24 07:40:37"}
{"level":"error","message":"Registration error: \nInvalid `prisma_1.default.user.findUnique()` invocation in\n/app/dist/services/user.service.js:74:54\n\n  71 // Normaliser l'email (minuscules, sans espaces)\n  72 data.email = data.email.toLowerCase().trim();\n  73 // Vérifier si l'email existe déjà\n→ 74 const existingUser = await prisma_1.default.user.findUnique(\nThe table `public.User` does not exist in the current database. [{\"name\":\"PrismaClientKnownRequestError\",\"code\":\"P2021\",\"clientVersion\":\"5.22.0\",\"meta\":{\"modelName\":\"User\",\"table\":\"public.User\"}}]","timestamp":"2025-04-24 07:40:37"}
{"level":"error","message":"Registration error: \nInvalid `prisma_1.default.user.findUnique()` invocation in\n/app/dist/services/user.service.js:74:54\n\n  71 // Normaliser l'email (minuscules, sans espaces)\n  72 data.email = data.email.toLowerCase().trim();\n  73 // Vérifier si l'email existe déjà\n→ 74 const existingUser = await prisma_1.default.user.findUnique(\nThe table `public.User` does not exist in the current database. [{\"name\":\"PrismaClientKnownRequestError\",\"code\":\"P2021\",\"clientVersion\":\"5.22.0\",\"meta\":{\"modelName\":\"User\",\"table\":\"public.User\"}}]","timestamp":"2025-04-24 07:40:38"}
{"level":"error","message":"Registration error: \nInvalid `prisma_1.default.user.findUnique()` invocation in\n/app/dist/services/user.service.js:74:54\n\n  71 // Normaliser l'email (minuscules, sans espaces)\n  72 data.email = data.email.toLowerCase().trim();\n  73 // Vérifier si l'email existe déjà\n→ 74 const existingUser = await prisma_1.default.user.findUnique(\nThe table `public.User` does not exist in the current database. [{\"name\":\"PrismaClientKnownRequestError\",\"code\":\"P2021\",\"clientVersion\":\"5.22.0\",\"meta\":{\"modelName\":\"User\",\"table\":\"public.User\"}}]","timestamp":"2025-04-24 07:40:38"}
{"level":"error","message":"Registration error: \nInvalid `prisma_1.default.user.findUnique()` invocation in\n/app/dist/services/user.service.js:74:54\n\n  71 // Normaliser l'email (minuscules, sans espaces)\n  72 data.email = data.email.toLowerCase().trim();\n  73 // Vérifier si l'email existe déjà\n→ 74 const existingUser = await prisma_1.default.user.findUnique(\nThe table `public.User` does not exist in the current database. [{\"name\":\"PrismaClientKnownRequestError\",\"code\":\"P2021\",\"clientVersion\":\"5.22.0\",\"meta\":{\"modelName\":\"User\",\"table\":\"public.User\"}}]","timestamp":"2025-04-24 07:40:38"}
{"level":"error","message":"Registration error: \nInvalid `prisma_1.default.user.findUnique()` invocation in\n/app/dist/services/user.service.js:74:54\n\n  71 // Normaliser l'email (minuscules, sans espaces)\n  72 data.email = data.email.toLowerCase().trim();\n  73 // Vérifier si l'email existe déjà\n→ 74 const existingUser = await prisma_1.default.user.findUnique(\nThe table `public.User` does not exist in the current database. [{\"name\":\"PrismaClientKnownRequestError\",\"code\":\"P2021\",\"clientVersion\":\"5.22.0\",\"meta\":{\"modelName\":\"User\",\"table\":\"public.User\"}}]","timestamp":"2025-04-24 07:40:39"}
{"level":"error","message":"Registration error: \nInvalid `prisma_1.default.user.findUnique()` invocation in\n/app/dist/services/user.service.js:74:54\n\n  71 // Normaliser l'email (minuscules, sans espaces)\n  72 data.email = data.email.toLowerCase().trim();\n  73 // Vérifier si l'email existe déjà\n→ 74 const existingUser = await prisma_1.default.user.findUnique(\nThe table `public.User` does not exist in the current database. [{\"name\":\"PrismaClientKnownRequestError\",\"code\":\"P2021\",\"clientVersion\":\"5.22.0\",\"meta\":{\"modelName\":\"User\",\"table\":\"public.User\"}}]","timestamp":"2025-04-24 07:40:39"}
{"level":"error","message":"Registration error: \nInvalid `prisma_1.default.user.findUnique()` invocation in\n/app/dist/services/user.service.js:74:54\n\n  71 // Normaliser l'email (minuscules, sans espaces)\n  72 data.email = data.email.toLowerCase().trim();\n  73 // Vérifier si l'email existe déjà\n→ 74 const existingUser = await prisma_1.default.user.findUnique(\nThe table `public.User` does not exist in the current database. [{\"name\":\"PrismaClientKnownRequestError\",\"code\":\"P2021\",\"clientVersion\":\"5.22.0\",\"meta\":{\"modelName\":\"User\",\"table\":\"public.User\"}}]","timestamp":"2025-04-24 07:40:46"}
{"level":"error","message":"Registration error: \nInvalid `prisma_1.default.user.findUnique()` invocation in\n/app/dist/services/user.service.js:74:54\n\n  71 // Normaliser l'email (minuscules, sans espaces)\n  72 data.email = data.email.toLowerCase().trim();\n  73 // Vérifier si l'email existe déjà\n→ 74 const existingUser = await prisma_1.default.user.findUnique(\nThe table `public.User` does not exist in the current database. [{\"name\":\"PrismaClientKnownRequestError\",\"code\":\"P2021\",\"clientVersion\":\"5.22.0\",\"meta\":{\"modelName\":\"User\",\"table\":\"public.User\"}}]","timestamp":"2025-04-24 07:41:33"}
{"level":"error","message":"Registration error: \nInvalid `prisma_1.default.user.findUnique()` invocation in\n/app/dist/services/user.service.js:74:54\n\n  71 // Normaliser l'email (minuscules, sans espaces)\n  72 data.email = data.email.toLowerCase().trim();\n  73 // Vérifier si l'email existe déjà\n→ 74 const existingUser = await prisma_1.default.user.findUnique(\nThe table `public.User` does not exist in the current database. [{\"name\":\"PrismaClientKnownRequestError\",\"code\":\"P2021\",\"clientVersion\":\"5.22.0\",\"meta\":{\"modelName\":\"User\",\"table\":\"public.User\"}}]","timestamp":"2025-04-24 07:41:57"}
{"level":"error","message":"Registration error: \nInvalid `prisma_1.default.user.findUnique()` invocation in\n/app/dist/services/user.service.js:74:54\n\n  71 // Normaliser l'email (minuscules, sans espaces)\n  72 data.email = data.email.toLowerCase().trim();\n  73 // Vérifier si l'email existe déjà\n→ 74 const existingUser = await prisma_1.default.user.findUnique(\nThe table `public.User` does not exist in the current database. [{\"name\":\"PrismaClientKnownRequestError\",\"code\":\"P2021\",\"clientVersion\":\"5.22.0\",\"meta\":{\"modelName\":\"User\",\"table\":\"public.User\"}}]","timestamp":"2025-04-24 07:42:00"}
{"level":"error","message":"Error retrieving user by ID non-existent-id: Error: User not found","timestamp":"2025-04-24 09:48:05"}
{"level":"error","message":"Error retrieving user by email nonexistent@example.com: Error: User not found","timestamp":"2025-04-24 09:48:05"}
{"level":"error","message":"Error updating user user-id-123: Error: Email is already in use","timestamp":"2025-04-24 09:48:05"}
{"level":"error","message":"Error updating user user-id-123: Error: National register number is already in use","timestamp":"2025-04-24 09:48:05"}
{"level":"error","message":"Error updating user target-user-id: Error: Unauthorized to update this user","timestamp":"2025-04-24 09:48:05"}
{"level":"error","message":"Error changing password for user user-id-123: Error: Current password is incorrect","timestamp":"2025-04-24 09:48:05"}
{"level":"error","message":"Error changing password for user user-id-123: Error: New password must be different from current password","timestamp":"2025-04-24 09:48:05"}
{"level":"error","message":"Error changing password for user user-id-123: Error: Current password and new password are required","timestamp":"2025-04-24 09:48:05"}
{"level":"error","message":"Error changing password for user user-id-123: Error: Current password and new password are required","timestamp":"2025-04-24 09:48:05"}
{"level":"error","message":"Error changing password for user non-existent-id: Error: User not found","timestamp":"2025-04-24 09:48:05"}
{"level":"error","message":"Error deleting user non-existent-id: Error: User not found","timestamp":"2025-04-24 09:48:05"}
{"level":"error","message":"Error deleting user target-user-id: Error: Unauthorized to delete this user","timestamp":"2025-04-24 09:48:05"}
{"level":"error","message":"Login error: [{}]","timestamp":"2025-04-24 09:48:05"}
{"level":"error","message":"Login error: [{}]","timestamp":"2025-04-24 09:48:05"}
{"level":"error","message":"Token refresh error: [{}]","timestamp":"2025-04-24 09:48:05"}
{"level":"error","message":"Token refresh error: [{}]","timestamp":"2025-04-24 09:48:05"}
{"level":"error","message":"Password reset initiation error: [{}]","timestamp":"2025-04-24 09:48:05"}
{"level":"error","message":"Login error: [{}]","timestamp":"2025-04-24 08:55:24"}
{"level":"error","message":"Error retrieving user by ID non-existent-id: Error: User not found","timestamp":"2025-04-25 00:46:09"}
{"level":"error","message":"Login error: [{}]","timestamp":"2025-04-25 00:46:10"}
{"level":"error","message":"Error retrieving user by email nonexistent@example.com: Error: User not found","timestamp":"2025-04-25 00:46:09"}
{"level":"error","message":"Error updating user user-id-123: Error: Email is already in use","timestamp":"2025-04-25 00:46:09"}
{"level":"error","message":"Error updating user user-id-123: Error: National register number is already in use","timestamp":"2025-04-25 00:46:09"}
{"level":"error","message":"Error updating user target-user-id: Error: Unauthorized to update this user","timestamp":"2025-04-25 00:46:09"}
{"level":"error","message":"Error changing password for user user-id-123: Error: Current password is incorrect","timestamp":"2025-04-25 00:46:09"}
{"level":"error","message":"Error changing password for user user-id-123: Error: New password must be different from current password","timestamp":"2025-04-25 00:46:09"}
{"level":"error","message":"Error changing password for user user-id-123: Error: Current password and new password are required","timestamp":"2025-04-25 00:46:09"}
{"level":"error","message":"Error changing password for user user-id-123: Error: Current password and new password are required","timestamp":"2025-04-25 00:46:09"}
{"level":"error","message":"Error changing password for user non-existent-id: Error: User not found","timestamp":"2025-04-25 00:46:09"}
{"level":"error","message":"Error deleting user non-existent-id: Error: User not found","timestamp":"2025-04-25 00:46:09"}
{"level":"error","message":"Error deleting user target-user-id: Error: Unauthorized to delete this user","timestamp":"2025-04-25 00:46:09"}
{"level":"error","message":"Login error: [{}]","timestamp":"2025-04-25 00:46:10"}
{"level":"error","message":"Token refresh error: [{}]","timestamp":"2025-04-25 00:46:10"}
{"level":"error","message":"Token refresh error: [{}]","timestamp":"2025-04-25 00:46:10"}
{"level":"error","message":"Password reset initiation error: [{}]","timestamp":"2025-04-25 00:46:10"}
{"level":"error","message":"Error retrieving user by ID non-existent-id: Error: User not found","timestamp":"2025-04-25 00:47:26"}
{"level":"error","message":"Error retrieving user by email nonexistent@example.com: Error: User not found","timestamp":"2025-04-25 00:47:26"}
{"level":"error","message":"Error updating user user-id-123: Error: Email is already in use","timestamp":"2025-04-25 00:47:26"}
{"level":"error","message":"Error updating user user-id-123: Error: National register number is already in use","timestamp":"2025-04-25 00:47:26"}
{"level":"error","message":"Error updating user target-user-id: Error: Unauthorized to update this user","timestamp":"2025-04-25 00:47:26"}
{"level":"error","message":"Error changing password for user user-id-123: Error: Current password is incorrect","timestamp":"2025-04-25 00:47:26"}
{"level":"error","message":"Error changing password for user user-id-123: Error: New password must be different from current password","timestamp":"2025-04-25 00:47:26"}
{"level":"error","message":"Error changing password for user user-id-123: Error: Current password and new password are required","timestamp":"2025-04-25 00:47:26"}
{"level":"error","message":"Error changing password for user user-id-123: Error: Current password and new password are required","timestamp":"2025-04-25 00:47:26"}
{"level":"error","message":"Error changing password for user non-existent-id: Error: User not found","timestamp":"2025-04-25 00:47:26"}
{"level":"error","message":"Error deleting user non-existent-id: Error: User not found","timestamp":"2025-04-25 00:47:26"}
{"level":"error","message":"Error deleting user target-user-id: Error: Unauthorized to delete this user","timestamp":"2025-04-25 00:47:26"}
{"level":"error","message":"Login error: [{}]","timestamp":"2025-04-25 00:47:26"}
{"level":"error","message":"Login error: [{}]","timestamp":"2025-04-25 00:47:26"}
{"level":"error","message":"Token refresh error: [{}]","timestamp":"2025-04-25 00:47:26"}
{"level":"error","message":"Token refresh error: [{}]","timestamp":"2025-04-25 00:47:26"}
{"level":"error","message":"Password reset initiation error: [{}]","timestamp":"2025-04-25 00:47:26"}
{"level":"error","message":"Login error: [{}]","timestamp":"2025-04-25 00:48:25"}
{"level":"error","message":"Login error: [{}]","timestamp":"2025-04-25 01:02:49"}
{"level":"error","message":"Login error: [{}]","timestamp":"2025-04-25 01:03:48"}
{"level":"error","message":"Login error: [{}]","timestamp":"2025-04-25 01:04:39"}
{"level":"error","message":"Login error: [{}]","timestamp":"2025-04-25 04:25:07"}
{"level":"error","message":"Login error: [{}]","timestamp":"2025-04-25 04:28:47"}
{"level":"error","message":"Login error: [{}]","timestamp":"2025-04-25 04:28:49"}
{"level":"error","message":"Registration error: User with this email already exists [{}]","timestamp":"2025-04-25 07:43:51"}
{"level":"error","message":"Registration error: User with this email already exists [{}]","timestamp":"2025-04-25 07:43:52"}
{"level":"error","message":"Registration error: User with this email already exists [{}]","timestamp":"2025-04-25 07:43:53"}
{"level":"error","message":"Registration error: User with this email already exists [{}]","timestamp":"2025-04-25 07:43:53"}
{"level":"error","message":"Registration error: User with this email already exists [{}]","timestamp":"2025-04-25 07:43:53"}
{"level":"error","message":"Registration error: User with this email already exists [{}]","timestamp":"2025-04-25 07:43:53"}
{"level":"error","message":"Registration error: User with this email already exists [{}]","timestamp":"2025-04-25 07:43:53"}
{"level":"error","message":"Registration error: User with this email already exists [{}]","timestamp":"2025-04-25 07:43:54"}
{"level":"error","message":"Registration error: User with this email already exists [{}]","timestamp":"2025-04-25 07:43:54"}
{"level":"error","message":"Registration error: User with this email already exists [{}]","timestamp":"2025-04-25 07:43:54"}
{"level":"error","message":"Registration error: User with this email already exists [{}]","timestamp":"2025-04-25 07:43:54"}
{"level":"error","message":"Registration error: User with this email already exists [{}]","timestamp":"2025-04-25 07:43:59"}
{"level":"error","message":"Login error: [{}]","timestamp":"2025-04-25 07:44:32"}
{"level":"error","message":"Error deleting profile picture for user non-existent-id: Error: User not found","timestamp":"2025-04-25 08:14:02"}
{"level":"error","message":"Error updating profile picture for user non-existent-id: Error: User not found","timestamp":"2025-04-25 08:14:21"}
{"level":"error","message":"Error deleting profile picture for user non-existent-id: Error: User not found","timestamp":"2025-04-25 08:22:36"}
{"level":"error","message":"Error retrieving user by ID non-existent-id: Error: User not found","timestamp":"2025-04-25 08:22:46"}
{"level":"error","message":"Error retrieving user by email nonexistent@example.com: Error: User not found","timestamp":"2025-04-25 08:22:46"}
{"level":"error","message":"Error updating user user-id-123: Error: Email is already in use","timestamp":"2025-04-25 08:22:46"}
{"level":"error","message":"Error updating user user-id-123: Error: National register number is already in use","timestamp":"2025-04-25 08:22:46"}
{"level":"error","message":"Error updating user target-user-id: Error: Unauthorized to update this user","timestamp":"2025-04-25 08:22:46"}
{"level":"error","message":"Error changing password for user user-id-123: Error: Current password is incorrect","timestamp":"2025-04-25 08:22:46"}
{"level":"error","message":"Error changing password for user user-id-123: Error: New password must be different from current password","timestamp":"2025-04-25 08:22:46"}
{"level":"error","message":"Error changing password for user user-id-123: Error: Current password and new password are required","timestamp":"2025-04-25 08:22:46"}
{"level":"error","message":"Error changing password for user user-id-123: Error: Current password and new password are required","timestamp":"2025-04-25 08:22:46"}
{"level":"error","message":"Error changing password for user non-existent-id: Error: User not found","timestamp":"2025-04-25 08:22:46"}
{"level":"error","message":"Error deleting user non-existent-id: Error: User not found","timestamp":"2025-04-25 08:22:46"}
{"level":"error","message":"Error deleting user target-user-id: Error: Unauthorized to delete this user","timestamp":"2025-04-25 08:22:46"}
{"level":"error","message":"Error updating profile picture for user non-existent-id: Error: User not found","timestamp":"2025-04-25 08:22:46"}
{"level":"error","message":"Error deleting profile picture for user non-existent-id: Error: User not found","timestamp":"2025-04-25 08:22:46"}
{"level":"error","message":"Login error: [{}]","timestamp":"2025-04-25 08:22:46"}
{"level":"error","message":"Login error: [{}]","timestamp":"2025-04-25 08:22:46"}
{"level":"error","message":"Token refresh error: [{}]","timestamp":"2025-04-25 08:22:46"}
{"level":"error","message":"Token refresh error: [{}]","timestamp":"2025-04-25 08:22:46"}
{"level":"error","message":"Password reset initiation error: [{}]","timestamp":"2025-04-25 08:22:46"}
{"level":"error","message":"Error retrieving user by ID non-existent-id: Error: User not found","timestamp":"2025-04-25 08:24:05"}
{"level":"error","message":"Error retrieving user by email nonexistent@example.com: Error: User not found","timestamp":"2025-04-25 08:24:05"}
{"level":"error","message":"Error updating user user-id-123: Error: Email is already in use","timestamp":"2025-04-25 08:24:05"}
{"level":"error","message":"Error updating user user-id-123: Error: National register number is already in use","timestamp":"2025-04-25 08:24:05"}
{"level":"error","message":"Error updating user target-user-id: Error: Unauthorized to update this user","timestamp":"2025-04-25 08:24:05"}
{"level":"error","message":"Error changing password for user user-id-123: Error: Current password is incorrect","timestamp":"2025-04-25 08:24:05"}
{"level":"error","message":"Error changing password for user user-id-123: Error: New password must be different from current password","timestamp":"2025-04-25 08:24:05"}
{"level":"error","message":"Error changing password for user user-id-123: Error: Current password and new password are required","timestamp":"2025-04-25 08:24:05"}
{"level":"error","message":"Error changing password for user user-id-123: Error: Current password and new password are required","timestamp":"2025-04-25 08:24:05"}
{"level":"error","message":"Error changing password for user non-existent-id: Error: User not found","timestamp":"2025-04-25 08:24:05"}
{"level":"error","message":"Error deleting user non-existent-id: Error: User not found","timestamp":"2025-04-25 08:24:05"}
{"level":"error","message":"Error deleting user target-user-id: Error: Unauthorized to delete this user","timestamp":"2025-04-25 08:24:05"}
{"level":"error","message":"Error updating profile picture for user non-existent-id: Error: User not found","timestamp":"2025-04-25 08:24:05"}
{"level":"error","message":"Error deleting profile picture for user non-existent-id: Error: User not found","timestamp":"2025-04-25 08:24:05"}
{"level":"error","message":"Login error: [{}]","timestamp":"2025-04-25 08:24:05"}
{"level":"error","message":"Login error: [{}]","timestamp":"2025-04-25 08:24:05"}
{"level":"error","message":"Token refresh error: [{}]","timestamp":"2025-04-25 08:24:05"}
{"level":"error","message":"Token refresh error: [{}]","timestamp":"2025-04-25 08:24:05"}
{"level":"error","message":"Password reset initiation error: [{}]","timestamp":"2025-04-25 08:24:05"}
